rsync -avR ./000966724198/scanVisit__0009__0002/MRI__0001/asl_calibration/Native/Original__0001/DICOM.tar.gz ~/temp/hid_download_temp
rsync -avR ./000966724198/scanVisit__0009__0002/MRI__0001/asl_fairest/Native/Original__0001/DICOM.tar.gz ~/temp/hid_download_temp
rsync -avR ./000966724198/scanVisit__0009__0002/MRI__0001/asl_mincon/Native/Original__0001/DICOM.tar.gz ~/temp/hid_download_temp
rsync -avR ./000966724198/scanVisit__0009__0002/MRI__0001/audodd1/Native/Original__0001/DICOM.tar.gz ~/temp/hid_download_temp
rsync -avR ./000966724198/scanVisit__0009__0002/MRI__0001/audodd2/Native/Original__0001/DICOM.tar.gz ~/temp/hid_download_temp
rsync -avR ./000966724198/scanVisit__0009__0002/MRI__0001/B0_mag1/Native/Original__0001/DICOM.tar.gz ~/temp/hid_download_temp
rsync -avR ./000966724198/scanVisit__0009__0002/MRI__0001/B0_phase1/Native/Original__0001/DICOM.tar.gz ~/temp/hid_download_temp
rsync -avR ./000966724198/scanVisit__0009__0002/MRI__0001/dti/Native/Original__0001/DICOM.tar.gz ~/temp/hid_download_temp
rsync -avR ./000966724198/scanVisit__0009__0002/MRI__0001/ot1/Native/Original__0001/DICOM.tar.gz ~/temp/hid_download_temp
rsync -avR ./000966724198/scanVisit__0009__0002/MRI__0001/ot2/Native/Original__0001/DICOM.tar.gz ~/temp/hid_download_temp
rsync -avR ./000966724198/scanVisit__0009__0002/MRI__0001/ot3/Native/Original__0001/DICOM.tar.gz ~/temp/hid_download_temp
rsync -avR ./000966724198/scanVisit__0009__0002/MRI__0001/ot4/Native/Original__0001/DICOM.tar.gz ~/temp/hid_download_temp
rsync -avR ./000966724198/scanVisit__0009__0002/MRI__0001/ot5/Native/Original__0001/DICOM.tar.gz ~/temp/hid_download_temp
rsync -avR ./000966724198/scanVisit__0009__0002/MRI__0001/ot6/Native/Original__0001/DICOM.tar.gz ~/temp/hid_download_temp
rsync -avR ./000966724198/scanVisit__0009__0002/MRI__0001/ot7/Native/Original__0001/DICOM.tar.gz ~/temp/hid_download_temp
rsync -avR ./000966724198/scanVisit__0009__0002/MRI__0001/restFA10/Native/Original__0001/DICOM.tar.gz ~/temp/hid_download_temp
rsync -avR ./000966724198/scanVisit__0009__0002/MRI__0001/restFA77/Native/Original__0001/DICOM.tar.gz ~/temp/hid_download_temp
rsync -avR ./000966724198/scanVisit__0009__0002/MRI__0001/t1/Native/Original__0001/DICOM.tar.gz ~/temp/hid_download_temp
rsync -avR ./000966724198/scanVisit__0009__0002/MRI__0001/t2/Native/Original__0001/DICOM.tar.gz ~/temp/hid_download_temp
rsync -avR ./001312253228/scanVisit__0013__0002/MRI__0001/asl_calibration/Native/Original__0001/DICOM.tar.gz ~/temp/hid_download_temp
rsync -avR ./001312253228/scanVisit__0013__0002/MRI__0001/asl_fairest/Native/Original__0001/DICOM.tar.gz ~/temp/hid_download_temp
rsync -avR ./001312253228/scanVisit__0013__0002/MRI__0001/asl_mincon/Native/Original__0001/DICOM.tar.gz ~/temp/hid_download_temp
rsync -avR ./001312253228/scanVisit__0013__0002/MRI__0001/audodd1/Native/Original__0001/DICOM.tar.gz ~/temp/hid_download_temp
rsync -avR ./001312253228/scanVisit__0013__0002/MRI__0001/audodd2/Native/Original__0001/DICOM.tar.gz ~/temp/hid_download_temp
rsync -avR ./001312253228/scanVisit__0013__0002/MRI__0001/B0_mag1/Native/Original__0001/DICOM.tar.gz ~/temp/hid_download_temp
rsync -avR ./001312253228/scanVisit__0013__0002/MRI__0001/B0_phase1/Native/Original__0001/DICOM.tar.gz ~/temp/hid_download_temp
rsync -avR ./001312253228/scanVisit__0013__0002/MRI__0001/dti/Native/Original__0001/DICOM.tar.gz ~/temp/hid_download_temp
rsync -avR ./001312253228/scanVisit__0013__0002/MRI__0001/ot1/Native/Original__0001/DICOM.tar.gz ~/temp/hid_download_temp
rsync -avR ./001312253228/scanVisit__0013__0002/MRI__0001/ot2/Native/Original__0001/DICOM.tar.gz ~/temp/hid_download_temp
rsync -avR ./001312253228/scanVisit__0013__0002/MRI__0001/ot3/Native/Original__0001/DICOM.tar.gz ~/temp/hid_download_temp
rsync -avR ./001312253228/scanVisit__0013__0002/MRI__0001/ot4/Native/Original__0001/DICOM.tar.gz ~/temp/hid_download_temp
rsync -avR ./001312253228/scanVisit__0013__0002/MRI__0001/ot5/Native/Original__0001/DICOM.tar.gz ~/temp/hid_download_temp
rsync -avR ./001312253228/scanVisit__0013__0002/MRI__0001/ot6/Native/Original__0001/DICOM.tar.gz ~/temp/hid_download_temp
rsync -avR ./001312253228/scanVisit__0013__0002/MRI__0001/ot7/Native/Original__0001/DICOM.tar.gz ~/temp/hid_download_temp
rsync -avR ./001312253228/scanVisit__0013__0002/MRI__0001/restFA10/Native/Original__0001/DICOM.tar.gz ~/temp/hid_download_temp
rsync -avR ./001312253228/scanVisit__0013__0002/MRI__0001/restFA77/Native/Original__0001/DICOM.tar.gz ~/temp/hid_download_temp
rsync -avR ./001312253228/scanVisit__0013__0002/MRI__0001/t1/Native/Original__0001/DICOM.tar.gz ~/temp/hid_download_temp
rsync -avR ./001312253228/scanVisit__0013__0002/MRI__0001/t2/Native/Original__0001/DICOM.tar.gz ~/temp/hid_download_temp
rsync -avR ./001312445276/scanVisit__0013__0002/MRI__0001/asl_calibration/Native/Original__0001/DICOM.tar.gz ~/temp/hid_download_temp
rsync -avR ./001312445276/scanVisit__0013__0002/MRI__0001/asl_fairest/Native/Original__0001/DICOM.tar.gz ~/temp/hid_download_temp
rsync -avR ./001312445276/scanVisit__0013__0002/MRI__0001/asl_mincon/Native/Original__0001/DICOM.tar.gz ~/temp/hid_download_temp
rsync -avR ./001312445276/scanVisit__0013__0002/MRI__0001/audodd1/Native/Original__0001/DICOM.tar.gz ~/temp/hid_download_temp
rsync -avR ./001312445276/scanVisit__0013__0002/MRI__0001/audodd2/Native/Original__0001/DICOM.tar.gz ~/temp/hid_download_temp
rsync -avR ./001312445276/scanVisit__0013__0002/MRI__0001/B0_mag1/Native/Original__0001/DICOM.tar.gz ~/temp/hid_download_temp
rsync -avR ./001312445276/scanVisit__0013__0002/MRI__0001/B0_phase1/Native/Original__0001/DICOM.tar.gz ~/temp/hid_download_temp
rsync -avR ./001312445276/scanVisit__0013__0002/MRI__0001/dti/Native/Original__0001/DICOM.tar.gz ~/temp/hid_download_temp
rsync -avR ./001312445276/scanVisit__0013__0002/MRI__0001/ot1/Native/Original__0001/DICOM.tar.gz ~/temp/hid_download_temp
rsync -avR ./001312445276/scanVisit__0013__0002/MRI__0001/ot2/Native/Original__0001/DICOM.tar.gz ~/temp/hid_download_temp
rsync -avR ./001312445276/scanVisit__0013__0002/MRI__0001/ot3/Native/Original__0001/DICOM.tar.gz ~/temp/hid_download_temp
rsync -avR ./001312445276/scanVisit__0013__0002/MRI__0001/ot4/Native/Original__0001/DICOM.tar.gz ~/temp/hid_download_temp
rsync -avR ./001312445276/scanVisit__0013__0002/MRI__0001/ot5/Native/Original__0001/DICOM.tar.gz ~/temp/hid_download_temp
rsync -avR ./001312445276/scanVisit__0013__0002/MRI__0001/ot6/Native/Original__0001/DICOM.tar.gz ~/temp/hid_download_temp
rsync -avR ./001312445276/scanVisit__0013__0002/MRI__0001/ot7/Native/Original__0001/DICOM.tar.gz ~/temp/hid_download_temp
rsync -avR ./001312445276/scanVisit__0013__0002/MRI__0001/restFA10/Native/Original__0001/DICOM.tar.gz ~/temp/hid_download_temp
rsync -avR ./001312445276/scanVisit__0013__0002/MRI__0001/restFA77/Native/Original__0001/DICOM.tar.gz ~/temp/hid_download_temp
rsync -avR ./001312445276/scanVisit__0013__0002/MRI__0001/t1/Native/Original__0001/DICOM.tar.gz ~/temp/hid_download_temp
rsync -avR ./001312445276/scanVisit__0013__0002/MRI__0001/t2/Native/Original__0001/DICOM.tar.gz ~/temp/hid_download_temp
